-------------------------------------------------------------------------------
Test set: Testing
-------------------------------------------------------------------------------
Tests run: 1, Failures: 0, Errors: 1, Skipped: 0, Time elapsed: 4.476 s <<< FAILURE! - in Testing
Test1(Testing)  Time elapsed: 4.395 s  <<< ERROR!
org.openqa.selenium.InvalidArgumentException: 
Malformed URL: ${url}} is not a valid URL.
Build info: version: '3.11.0', revision: 'e59cfb3', time: '2018-03-11T20:26:55.152Z'
System info: host: 'Mylenes-MacBook-Air.local', ip: 'fe80:0:0:0:147d:1845:d616:6346%en0', os.name: 'Mac OS X', os.arch: 'x86_64', os.version: '10.12.6', java.version: '1.8.0_91'
Driver info: org.openqa.selenium.firefox.FirefoxDriver
Capabilities {acceptInsecureCerts: true, browserName: firefox, browserVersion: 59.0.2, javascriptEnabled: true, moz:accessibilityChecks: false, moz:headless: false, moz:processID: 18614, moz:profile: /var/folders/58/5gdjxf614ll..., moz:useNonSpecCompliantPointerOrigin: false, moz:webdriverClick: true, pageLoadStrategy: normal, platform: MAC, platformName: MAC, platformVersion: 16.7.0, rotatable: false, timeouts: {implicit: 0, pageLoad: 300000, script: 30000}}
Session ID: 17ead898-3b3b-0a43-8154-456868cf13e5
	at Testing.Test1(Testing.java:37)

